<?xml version="1.0" encoding="UTF-8"?>
<!-- Generated by org.testng.reporters.JUnitReportReporter -->
<testsuite hostname="dell-PC" failures="0" tests="3" name="Maven.Maven_Project.Trip_Booking" time="12.265" errors="0" timestamp="2022-11-15T11:23:56 IST" skipped="0">
  <testcase classname="Maven.Maven_Project.Trip_Booking" name="Depart_From" time="6.475"/>
  <system-out/>
  <testcase classname="Maven.Maven_Project.Trip_Booking" name="Reach_To" time="4.419"/>
  <system-out/>
  <testcase classname="Maven.Maven_Project.Trip_Booking" name="Date" time="1.371"/>
  <system-out/>
</testsuite> <!-- Maven.Maven_Project.Trip_Booking -->
