<?xml version="1.0" encoding="UTF-8"?>
<!-- Generated by org.testng.reporters.JUnitReportReporter -->
<testsuite hostname="dell-PC" failures="0" tests="1" name="Maven.Maven_Project.Select_Departure_date" time="2.912" errors="0" timestamp="2022-11-16T13:52:24 IST" skipped="0">
  <testcase classname="Maven.Maven_Project.Select_Departure_date" name="Date" time="2.912"/>
  <system-out/>
</testsuite> <!-- Maven.Maven_Project.Select_Departure_date -->
