<?xml version="1.0" encoding="UTF-8"?>
<!-- Generated by org.testng.reporters.JUnitReportReporter -->
<testsuite hostname="dell-PC" failures="0" tests="1" name="Maven.Maven_Project.NavigationTab" time="0.346" errors="0" timestamp="2021-02-26T16:27:57 IST" skipped="0">
  <testcase classname="Maven.Maven_Project.NavigationTab" name="NavigateTab" time="0.346"/>
  <system-out/>
</testsuite> <!-- Maven.Maven_Project.NavigationTab -->
